<?xml version="1.0" encoding="UTF-8"?>
<testsuite name="day1.Day1SolverTest" tests="4" skipped="0" failures="0" errors="0" timestamp="2021-12-01T15:19:16" hostname="Appples-MacBook-Pro.local" time="0.039">
  <properties/>
  <testcase name="should return correct result for original data for part1()" classname="day1.Day1SolverTest" time="0.031"/>
  <testcase name="should return correct result for original data for part2()" classname="day1.Day1SolverTest" time="0.002"/>
  <testcase name="should return correct result for sample data for part1()" classname="day1.Day1SolverTest" time="0.002"/>
  <testcase name="should return correct result for sample data for part2()" classname="day1.Day1SolverTest" time="0.001"/>
  <system-out><![CDATA[]]></system-out>
  <system-err><![CDATA[]]></system-err>
</testsuite>
